{"/Users/andyruggieri/Desktop/MAKERS/projects/bank-tech-test/src/account.js": {"path":"/Users/andyruggieri/Desktop/MAKERS/projects/bank-tech-test/src/account.js","statementMap":{"0":{"start":{"line":1,"column":18},"end":{"line":1,"column":40}},"1":{"start":{"line":4,"column":4},"end":{"line":4,"column":27}},"2":{"start":{"line":5,"column":4},"end":{"line":5,"column":21}},"3":{"start":{"line":9,"column":23},"end":{"line":9,"column":45}},"4":{"start":{"line":10,"column":4},"end":{"line":15,"column":7}},"5":{"start":{"line":19,"column":23},"end":{"line":19,"column":45}},"6":{"start":{"line":20,"column":4},"end":{"line":25,"column":7}},"7":{"start":{"line":29,"column":22},"end":{"line":29,"column":37}},"8":{"start":{"line":30,"column":4},"end":{"line":30,"column":39}},"9":{"start":{"line":34,"column":0},"end":{"line":34,"column":25}}},"fnMap":{"0":{"name":"(anonymous_0)","decl":{"start":{"line":3,"column":2},"end":{"line":3,"column":3}},"loc":{"start":{"line":3,"column":16},"end":{"line":6,"column":3}},"line":3},"1":{"name":"(anonymous_1)","decl":{"start":{"line":8,"column":2},"end":{"line":8,"column":3}},"loc":{"start":{"line":8,"column":24},"end":{"line":16,"column":3}},"line":8},"2":{"name":"(anonymous_2)","decl":{"start":{"line":18,"column":2},"end":{"line":18,"column":3}},"loc":{"start":{"line":18,"column":25},"end":{"line":26,"column":3}},"line":18},"3":{"name":"(anonymous_3)","decl":{"start":{"line":28,"column":2},"end":{"line":28,"column":3}},"loc":{"start":{"line":28,"column":19},"end":{"line":31,"column":3}},"line":28}},"branchMap":{},"s":{"0":2,"1":7,"2":7,"3":5,"4":5,"5":3,"6":3,"7":2,"8":2,"9":2},"f":{"0":7,"1":5,"2":3,"3":2},"b":{},"_coverageSchema":"1a1c01bbd47fc00a2c39e90264f33305004495a9","hash":"0b1ddcbcf14025a8edab1418b1ab90372c6d9b94"}
,"/Users/andyruggieri/Desktop/MAKERS/projects/bank-tech-test/src/statement.js": {"path":"/Users/andyruggieri/Desktop/MAKERS/projects/bank-tech-test/src/statement.js","statementMap":{"0":{"start":{"line":4,"column":4},"end":{"line":4,"column":54}},"1":{"start":{"line":5,"column":4},"end":{"line":11,"column":7}},"2":{"start":{"line":6,"column":6},"end":{"line":10,"column":7}},"3":{"start":{"line":7,"column":8},"end":{"line":7,"column":124}},"4":{"start":{"line":9,"column":8},"end":{"line":9,"column":124}},"5":{"start":{"line":15,"column":0},"end":{"line":15,"column":27}}},"fnMap":{"0":{"name":"(anonymous_0)","decl":{"start":{"line":3,"column":2},"end":{"line":3,"column":3}},"loc":{"start":{"line":3,"column":22},"end":{"line":12,"column":3}},"line":3},"1":{"name":"(anonymous_1)","decl":{"start":{"line":5,"column":31},"end":{"line":5,"column":32}},"loc":{"start":{"line":5,"column":48},"end":{"line":11,"column":5}},"line":5}},"branchMap":{"0":{"loc":{"start":{"line":6,"column":6},"end":{"line":10,"column":7}},"type":"if","locations":[{"start":{"line":6,"column":6},"end":{"line":10,"column":7}},{"start":{"line":8,"column":13},"end":{"line":10,"column":7}}],"line":6}},"s":{"0":3,"1":3,"2":5,"3":2,"4":3,"5":3},"f":{"0":3,"1":5},"b":{"0":[2,3]},"_coverageSchema":"1a1c01bbd47fc00a2c39e90264f33305004495a9","hash":"88ab07b894718b8f4f6f3740a82057c4eabca428"}
}
