TN:
SF:src/account.js
FN:3,(anonymous_0)
FN:8,(anonymous_1)
FN:18,(anonymous_2)
FN:28,(anonymous_3)
FNF:4
FNH:4
FNDA:7,(anonymous_0)
FNDA:5,(anonymous_1)
FNDA:3,(anonymous_2)
FNDA:2,(anonymous_3)
DA:1,2
DA:4,7
DA:5,7
DA:9,5
DA:10,5
DA:19,3
DA:20,3
DA:29,2
DA:30,2
DA:34,2
LF:10
LH:10
BRF:0
BRH:0
end_of_record
TN:
SF:src/statement.js
FN:3,(anonymous_0)
FN:5,(anonymous_1)
FNF:2
FNH:2
FNDA:3,(anonymous_0)
FNDA:5,(anonymous_1)
DA:4,3
DA:5,3
DA:6,5
DA:7,2
DA:9,3
DA:15,3
LF:6
LH:6
BRDA:6,0,0,2
BRDA:6,0,1,3
BRF:2
BRH:2
end_of_record
